Build started 12/3/2016 1:31:13 AM.
     1>Project "C:\Users\mkoru\Desktop\DirectX\DirectX\DirectX.vcxproj" on node 2 (build target(s)).
     1>InitializeBuildStatus:
         Creating "Debug\DirectX.unsuccessfulbuild" because "AlwaysCreate" was specified.
       ClCompile:
         E:\Programs\Microsoft Visual Studio 10.0\VC\bin\CL.exe /c /I.\Include /ZI /nologo /W3 /WX- /Od /Oy- /D _HAS_ITERATOR_DEBUGGING=0 /D _ITERATOR_DEBUG_LEVEL=0 /D WIN32 /D _DEBUG /D _WINDOWS /D _UNICODE /D UNICODE /Gm /EHsc /RTC1 /MDd /GS /fp:precise /Zc:wchar_t /Zc:forScope /Fo"Debug\\" /Fd"Debug\vc100.pdb" /Gd /TP /analyze- /errorReport:prompt main.cpp
         main.cpp
       ManifestResourceCompile:
         All outputs are up-to-date.
       Link:
         E:\Programs\Microsoft Visual Studio 10.0\VC\bin\link.exe /ERRORREPORT:PROMPT /OUT:"C:\Users\mkoru\Desktop\DirectX\Debug\DirectX.exe" /INCREMENTAL /NOLOGO /LIBPATH:.\Lib d3d11.lib d3dcompiler.lib d3dx11d.lib DxErr.lib dxgi.lib dxguid.lib Effects11.lib Effects11d.lib kernel32.lib user32.lib gdi32.lib winspool.lib comdlg32.lib advapi32.lib shell32.lib ole32.lib oleaut32.lib uuid.lib odbc32.lib odbccp32.lib /MANIFEST /ManifestFile:"Debug\DirectX.exe.intermediate.manifest" /MANIFESTUAC:"level='asInvoker' uiAccess='false'" /DEBUG /PDB:"C:\Users\mkoru\Desktop\DirectX\Debug\DirectX.pdb" /SUBSYSTEM:WINDOWS /TLBID:1 /DYNAMICBASE /NXCOMPAT /IMPLIB:"C:\Users\mkoru\Desktop\DirectX\Debug\DirectX.lib" /MACHINE:X86 Debug\DirectX.exe.embed.manifest.res
         Debug\main.obj
         Effects11.lib(EffectAPI.obj) : MSIL .netmodule or module compiled with /GL found; restarting link with /LTCG; add /LTCG to the link command line to improve linker performance
     1>LINK : warning LNK4075: ignoring '/INCREMENTAL' due to '/LTCG' specification
            Creating library C:\Users\mkoru\Desktop\DirectX\Debug\DirectX.lib and object C:\Users\mkoru\Desktop\DirectX\Debug\DirectX.exp
     1>LINK : warning LNK4098: defaultlib 'MSVCRT' conflicts with use of other libs; use /NODEFAULTLIB:library
         Generating code
         Finished generating code
     1>Effects11.lib(EffectAPI.obj) : warning LNK4099: PDB 'vc100.pdb' was not found with 'Effects11.lib(EffectAPI.obj)' or at 'C:\Users\mkoru\Desktop\DirectX\Debug\vc100.pdb'; linking object as if no debug info
     1>Effects11.lib(EffectNonRuntime.obj) : warning LNK4099: PDB 'vc100.pdb' was not found with 'Effects11.lib(EffectNonRuntime.obj)' or at 'C:\Users\mkoru\Desktop\DirectX\Debug\vc100.pdb'; linking object as if no debug info
     1>Effects11.lib(EffectLoad.obj) : warning LNK4099: PDB 'vc100.pdb' was not found with 'Effects11.lib(EffectLoad.obj)' or at 'C:\Users\mkoru\Desktop\DirectX\Debug\vc100.pdb'; linking object as if no debug info
     1>Effects11.lib(d3dxGlobal.obj) : warning LNK4099: PDB 'vc100.pdb' was not found with 'Effects11.lib(d3dxGlobal.obj)' or at 'C:\Users\mkoru\Desktop\DirectX\Debug\vc100.pdb'; linking object as if no debug info
     1>Effects11.lib(EffectReflection.obj) : warning LNK4099: PDB 'vc100.pdb' was not found with 'Effects11.lib(EffectReflection.obj)' or at 'C:\Users\mkoru\Desktop\DirectX\Debug\vc100.pdb'; linking object as if no debug info
     1>Effects11.lib(EffectRuntime.obj) : warning LNK4099: PDB 'vc100.pdb' was not found with 'Effects11.lib(EffectRuntime.obj)' or at 'C:\Users\mkoru\Desktop\DirectX\Debug\vc100.pdb'; linking object as if no debug info
       Manifest:
         C:\Program Files (x86)\Microsoft SDKs\Windows\v7.0A\bin\mt.exe /nologo /verbose /out:"Debug\DirectX.exe.embed.manifest" /manifest Debug\DirectX.exe.intermediate.manifest
         All outputs are up-to-date.
       LinkEmbedManifest:
         E:\Programs\Microsoft Visual Studio 10.0\VC\bin\link.exe /ERRORREPORT:PROMPT /OUT:"C:\Users\mkoru\Desktop\DirectX\Debug\DirectX.exe" /INCREMENTAL /NOLOGO /LIBPATH:.\Lib d3d11.lib d3dcompiler.lib d3dx11d.lib DxErr.lib dxgi.lib dxguid.lib Effects11.lib Effects11d.lib kernel32.lib user32.lib gdi32.lib winspool.lib comdlg32.lib advapi32.lib shell32.lib ole32.lib oleaut32.lib uuid.lib odbc32.lib odbccp32.lib /MANIFEST /ManifestFile:"Debug\DirectX.exe.intermediate.manifest" /MANIFESTUAC:"level='asInvoker' uiAccess='false'" /DEBUG /PDB:"C:\Users\mkoru\Desktop\DirectX\Debug\DirectX.pdb" /SUBSYSTEM:WINDOWS /TLBID:1 /DYNAMICBASE /NXCOMPAT /IMPLIB:"C:\Users\mkoru\Desktop\DirectX\Debug\DirectX.lib" /MACHINE:X86 Debug\DirectX.exe.embed.manifest.res
         Debug\main.obj
         Effects11.lib(EffectAPI.obj) : MSIL .netmodule or module compiled with /GL found; restarting link with /LTCG; add /LTCG to the link command line to improve linker performance
     1>LINK : warning LNK4075: ignoring '/INCREMENTAL' due to '/LTCG' specification
            Creating library C:\Users\mkoru\Desktop\DirectX\Debug\DirectX.lib and object C:\Users\mkoru\Desktop\DirectX\Debug\DirectX.exp
     1>LINK : warning LNK4098: defaultlib 'MSVCRT' conflicts with use of other libs; use /NODEFAULTLIB:library
         Generating code
         Finished generating code
     1>Effects11.lib(EffectAPI.obj) : warning LNK4099: PDB 'vc100.pdb' was not found with 'Effects11.lib(EffectAPI.obj)' or at 'C:\Users\mkoru\Desktop\DirectX\Debug\vc100.pdb'; linking object as if no debug info
     1>Effects11.lib(EffectNonRuntime.obj) : warning LNK4099: PDB 'vc100.pdb' was not found with 'Effects11.lib(EffectNonRuntime.obj)' or at 'C:\Users\mkoru\Desktop\DirectX\Debug\vc100.pdb'; linking object as if no debug info
     1>Effects11.lib(EffectLoad.obj) : warning LNK4099: PDB 'vc100.pdb' was not found with 'Effects11.lib(EffectLoad.obj)' or at 'C:\Users\mkoru\Desktop\DirectX\Debug\vc100.pdb'; linking object as if no debug info
     1>Effects11.lib(d3dxGlobal.obj) : warning LNK4099: PDB 'vc100.pdb' was not found with 'Effects11.lib(d3dxGlobal.obj)' or at 'C:\Users\mkoru\Desktop\DirectX\Debug\vc100.pdb'; linking object as if no debug info
     1>Effects11.lib(EffectReflection.obj) : warning LNK4099: PDB 'vc100.pdb' was not found with 'Effects11.lib(EffectReflection.obj)' or at 'C:\Users\mkoru\Desktop\DirectX\Debug\vc100.pdb'; linking object as if no debug info
     1>Effects11.lib(EffectRuntime.obj) : warning LNK4099: PDB 'vc100.pdb' was not found with 'Effects11.lib(EffectRuntime.obj)' or at 'C:\Users\mkoru\Desktop\DirectX\Debug\vc100.pdb'; linking object as if no debug info
         DirectX.vcxproj -> C:\Users\mkoru\Desktop\DirectX\Debug\DirectX.exe
       FinalizeBuildStatus:
         Deleting file "Debug\DirectX.unsuccessfulbuild".
         Touching "Debug\DirectX.lastbuildstate".
     1>Done Building Project "C:\Users\mkoru\Desktop\DirectX\DirectX\DirectX.vcxproj" (build target(s)).

Build succeeded.

Time Elapsed 00:00:09.55
